[28-May-2019 14:11:17 Europe/Riga] PHP Warning:  Missing argument 1 for Zero_Model::add(), called in /var/www/html/b2cmarket/account/controllers/LoginCtl.php on line 589 and defined in /var/www/html/b2cmarket/libraries/vendor/php5.4/Zero/Model.php on line 6
[28-May-2019 14:11:17 Europe/Riga] PHP Warning:  array_key_exists() expects parameter 2 to be array, null given in /var/www/html/b2cmarket/libraries/vendor/php5.4/Zero/Model.php on line 6
[28-May-2019 14:11:17 Europe/Riga] PHP Warning:  array_keys() expects parameter 1 to be array, null given in /var/www/html/b2cmarket/libraries/vendor/php5.4/Zero/Model.php on line 6
[28-May-2019 14:11:17 Europe/Riga] PHP Warning:  array_walk() expects parameter 1 to be array, null given in /var/www/html/b2cmarket/libraries/vendor/php5.4/Zero/Model.php on line 6
[28-May-2019 14:11:17 Europe/Riga] PHP Warning:  Invalid argument supplied for foreach() in /var/www/html/b2cmarket/libraries/vendor/php5.4/Zero/Model.php on line 6
[28-May-2019 14:11:17 Europe/Riga] PHP Warning:  implode(): Invalid arguments passed in /var/www/html/b2cmarket/libraries/vendor/php5.4/Zero/Model.php on line 6
[28-May-2019 14:16:43 Europe/Riga] PHP Warning:  Missing argument 1 for Zero_Model::add(), called in /var/www/html/b2cmarket/account/controllers/LoginCtl.php on line 590 and defined in /var/www/html/b2cmarket/libraries/vendor/php5.4/Zero/Model.php on line 6
[28-May-2019 14:16:43 Europe/Riga] PHP Warning:  array_key_exists() expects parameter 2 to be array, null given in /var/www/html/b2cmarket/libraries/vendor/php5.4/Zero/Model.php on line 6
[28-May-2019 14:16:43 Europe/Riga] PHP Warning:  array_keys() expects parameter 1 to be array, null given in /var/www/html/b2cmarket/libraries/vendor/php5.4/Zero/Model.php on line 6
[28-May-2019 14:16:43 Europe/Riga] PHP Warning:  array_walk() expects parameter 1 to be array, null given in /var/www/html/b2cmarket/libraries/vendor/php5.4/Zero/Model.php on line 6
[28-May-2019 14:16:43 Europe/Riga] PHP Warning:  Invalid argument supplied for foreach() in /var/www/html/b2cmarket/libraries/vendor/php5.4/Zero/Model.php on line 6
[28-May-2019 14:16:43 Europe/Riga] PHP Warning:  implode(): Invalid arguments passed in /var/www/html/b2cmarket/libraries/vendor/php5.4/Zero/Model.php on line 6
[28-May-2019 14:19:24 Europe/Riga] PHP Warning:  Missing argument 1 for Zero_Model::add(), called in /var/www/html/b2cmarket/account/controllers/LoginCtl.php on line 590 and defined in /var/www/html/b2cmarket/libraries/vendor/php5.4/Zero/Model.php on line 6
[28-May-2019 14:19:24 Europe/Riga] PHP Warning:  array_key_exists() expects parameter 2 to be array, null given in /var/www/html/b2cmarket/libraries/vendor/php5.4/Zero/Model.php on line 6
[28-May-2019 14:19:24 Europe/Riga] PHP Warning:  array_keys() expects parameter 1 to be array, null given in /var/www/html/b2cmarket/libraries/vendor/php5.4/Zero/Model.php on line 6
[28-May-2019 14:19:24 Europe/Riga] PHP Warning:  array_walk() expects parameter 1 to be array, null given in /var/www/html/b2cmarket/libraries/vendor/php5.4/Zero/Model.php on line 6
[28-May-2019 14:19:24 Europe/Riga] PHP Warning:  Invalid argument supplied for foreach() in /var/www/html/b2cmarket/libraries/vendor/php5.4/Zero/Model.php on line 6
[28-May-2019 14:19:24 Europe/Riga] PHP Warning:  implode(): Invalid arguments passed in /var/www/html/b2cmarket/libraries/vendor/php5.4/Zero/Model.php on line 6
[28-May-2019 14:20:24 Europe/Riga] PHP Warning:  Missing argument 1 for Zero_Model::add(), called in /var/www/html/b2cmarket/account/controllers/LoginCtl.php on line 589 and defined in /var/www/html/b2cmarket/libraries/vendor/php5.4/Zero/Model.php on line 6
[28-May-2019 14:20:24 Europe/Riga] PHP Warning:  array_key_exists() expects parameter 2 to be array, null given in /var/www/html/b2cmarket/libraries/vendor/php5.4/Zero/Model.php on line 6
[28-May-2019 14:20:24 Europe/Riga] PHP Warning:  array_keys() expects parameter 1 to be array, null given in /var/www/html/b2cmarket/libraries/vendor/php5.4/Zero/Model.php on line 6
[28-May-2019 14:20:24 Europe/Riga] PHP Warning:  array_walk() expects parameter 1 to be array, null given in /var/www/html/b2cmarket/libraries/vendor/php5.4/Zero/Model.php on line 6
[28-May-2019 14:20:24 Europe/Riga] PHP Warning:  Invalid argument supplied for foreach() in /var/www/html/b2cmarket/libraries/vendor/php5.4/Zero/Model.php on line 6
[28-May-2019 14:20:24 Europe/Riga] PHP Warning:  implode(): Invalid arguments passed in /var/www/html/b2cmarket/libraries/vendor/php5.4/Zero/Model.php on line 6
